<?xml version="1.0" encoding="UTF-8"?>
<!-- Generated by org.testng.reporters.JUnitReportReporter -->
<testsuite hostname="DCP73DS1" name="test.HomePage2" tests="1" failures="0" timestamp="15 May 2015 02:01:14 GMT" time="2.187" errors="0">
  <testcase name="test_quote_page" time="2.187" classname="test.HomePage2"/>
</testsuite> <!-- test.HomePage2 -->
