<?xml version="1.0" encoding="UTF-8"?>
<!-- Generated by org.testng.reporters.JUnitReportReporter -->
<testsuite hostname="D9PW2G12" name="test.QuotePageTest" tests="2" failures="0" timestamp="8 Sep 2015 02:06:42 GMT" time="69.388" errors="0">
  <testcase name="testNextArea" time="26.125" classname="test.QuotePageTest"/>
  <testcase name="test_quote_page_items_exist" time="43.263" classname="test.QuotePageTest"/>
</testsuite> <!-- test.QuotePageTest -->
