<?xml version="1.0" encoding="UTF-8"?>
<!-- Generated by org.testng.reporters.JUnitReportReporter -->
<testsuite hostname="D9PW2G12" name="test.HomePage" tests="3" failures="0" timestamp="5 Sep 2015 20:53:40 GMT" time="25.110" errors="0">
  <testcase name="test_quote_page_data_validation" time="2.378" classname="test.HomePage"/>
  <testcase name="test_quote_page_items_exist" time="10.987" classname="test.HomePage"/>
  <testcase name="test_quote_page" time="11.745" classname="test.HomePage"/>
</testsuite> <!-- test.HomePage -->
